2013-05-25 17:03:32 本地[0] 北京联通[0] 杭州阿里[0]
watch_id:9 [] 

watch_id:10 [] 

watch_id:11 [] 

watch_id:12 [] 

watch_id:13 [] 

2013-05-25 17:03:38 成功[1] 失败[5]
2013-05-25 17:03:53 本地[0] 北京联通[0] 杭州阿里[0]
watch_id:9 [] 

watch_id:10 [] 

watch_id:11 [] 

watch_id:12 [] 

watch_id:13 [] 

2013-05-25 17:04:03 成功[7] 失败[5]
2013-05-25 17:04:13 本地[0] 北京联通[0] 杭州阿里[0]
watch_id:9 [] 

watch_id:10 [] 

watch_id:11 [] 

watch_id:12 [] 

watch_id:13 [] 

2013-05-25 17:04:28 成功[0] 失败[5]
PHP Fatal error:  Uncaught exception 'PDOException' with message 'SQLSTATE[42000]: Syntax error or access violation: 1064 You have an error in your SQL syntax; check the manual that corresponds to your MySQL server version for the right syntax to use near ')' at line 22' in /var/www/html/interface/database.php:38
Stack trace:
#0 /var/www/html/interface/database.php(38): PDO->exec('INSERT INTO ala...')
#1 /var/www/html/interface/daemon/constant.php(188): database->query('INSERT INTO ala...', 'exec')
#2 /var/www/html/interface/daemon/constant.php(120): alarm('5', 200)
#3 /var/www/html/interface/common.php(226): {closure}(NULL, Array, Array)
#4 /var/www/html/interface/daemon/constant.php(269): rolling_curl(Array, Object(Closure), false)
#5 {main}
  thrown in /var/www/html/interface/database.php on line 38

Fatal error: Uncaught exception 'PDOException' with message 'SQLSTATE[42000]: Syntax error or access violation: 1064 You have an error in your SQL syntax; check the manual that corresponds to your MySQL server version for the right syntax to use near ')' at line 22' in /var/www/html/interface/database.php:38
Stack trace:
#0 /var/www/html/interface/database.php(38): PDO->exec('INSERT INTO ala...')
#1 /var/www/html/interface/daemon/constant.php(188): database->query('INSERT INTO ala...', 'exec')
#2 /var/www/html/interface/daemon/constant.php(120): alarm('5', 200)
#3 /var/www/html/interface/common.php(226): {closure}(NULL, Array, Array)
#4 /var/www/html/interface/daemon/constant.php(269): rolling_curl(Array, Object(Closure), false)
#5 {main}
  thrown in /var/www/html/interface/database.php on line 38
watch_id:9 [] 

watch_id:10 [] 

watch_id:11 [] 

watch_id:12 [] 

watch_id:13 [] 

2013-05-25 17:04:53 成功[1] 失败[5]
watch_id:9 [] 

watch_id:10 [] 

watch_id:11 [] 

watch_id:12 [] 

watch_id:13 [] 

2013-05-25 17:05:19 成功[7] 失败[5]
watch_id:9 [] 

watch_id:10 [] 

watch_id:11 [] 

watch_id:12 [] 

watch_id:13 [] 

2013-05-25 17:05:44 成功[0] 失败[5]
watch_id:9 [] 

watch_id:10 [] 

watch_id:11 [] 

watch_id:12 [] 

watch_id:13 [] 

2013-05-25 17:06:09 成功[1] 失败[5]
watch_id:9 [] 

watch_id:10 [] 

watch_id:11 [] 

watch_id:12 [] 

watch_id:13 [] 

2013-05-25 17:06:31 成功[7] 失败[5]
2013-05-25 17:06:37 本地[6] 北京联通[6] 杭州阿里[6]
watch_id:9 [] 

watch_id:10 [] 

watch_id:11 [] 

watch_id:12 [] 

watch_id:13 [] 

2013-05-25 17:06:56 成功[0] 失败[5]
2013-05-25 17:06:57 本地[0] 北京联通[0] 杭州阿里[0]
2013-05-25 17:07:17 本地[0] 北京联通[0] 杭州阿里[0]
watch_id:9 [] 

watch_id:10 [] 

watch_id:11 [] 

watch_id:12 [] 

watch_id:13 [] 

2013-05-25 17:07:21 成功[1] 失败[5]
2013-05-25 17:07:40 本地[5] 北京联通[5] 杭州阿里[5]
watch_id:9 [] 

watch_id:10 [] 

watch_id:11 [] 

watch_id:12 [] 

watch_id:13 [] 

2013-05-25 17:07:46 成功[7] 失败[5]
2013-05-25 17:08:02 本地[1] 北京联通[1] 杭州阿里[1]
watch_id:9 [] 

watch_id:10 [] 

watch_id:11 [] 

watch_id:12 [] 

watch_id:13 [] 

2013-05-25 17:08:11 成功[0] 失败[5]
2013-05-25 17:08:22 本地[0] 北京联通[0] 杭州阿里[0]
